<?xml version="1.0" encoding="UTF-8"?>
<!-- Generated by org.testng.reporters.JUnitXMLReporter -->
<testsuite ignored="0" hostname="Athul_Sebastian" failures="0" tests="5" name="AccountTests" time="58.318" errors="0" timestamp="2025-07-15T13:01:27 IST">
  <testcase classname="org.ats.ecom_testing.tests.RegisterUserWithExistingEmail" name="registerUserWithExistingEmail" time="24.171"/>
  <testcase classname="org.ats.ecom_testing.tests.LoginWithIncorrectCreds" name="loginWithIncorrectCredentials" time="29.167"/>
  <testcase classname="org.ats.ecom_testing.tests.RegisterUserTest" name="registerNewUserTest" time="43.401"/>
  <testcase classname="org.ats.ecom_testing.tests.LoginWithCorrectCreds" name="loginWithCorrectCredentials" time="44.68"/>
  <testcase classname="org.ats.ecom_testing.tests.LogoutSuccessTest" name="logoutSuccessfully" time="46.593"/>
</testsuite> <!-- AccountTests -->
