<?xml version="1.0" encoding="UTF-8"?>
<!-- Generated by org.testng.reporters.JUnitXMLReporter -->
<testsuite ignored="5" hostname="Athul_Sebastian" failures="0" tests="0" time="0.001" errors="0" timestamp="2025-07-13T19:59:02 IST">
  <testcase classname="org.ats.ecom_testing.tests.LoginWithIncorrectCreds" name="loginWithIncorrectCredentials" time="0.0">
    <ignored/>
  </testcase> <!-- loginWithIncorrectCredentials -->
  <testcase classname="org.ats.ecom_testing.tests.RegisterUserWithExistingEmail" name="registerUserWithExistingEmail" time="0.0">
    <ignored/>
  </testcase> <!-- registerUserWithExistingEmail -->
  <testcase classname="org.ats.ecom_testing.tests.LoginWithCorrectCreds" name="loginWithCorrectCredentials" time="0.0">
    <ignored/>
  </testcase> <!-- loginWithCorrectCredentials -->
  <testcase classname="org.ats.ecom_testing.tests.RegisterUserTest" name="registerNewUserTest" time="0.0">
    <ignored/>
  </testcase> <!-- registerNewUserTest -->
  <testcase classname="org.ats.ecom_testing.tests.LogoutSuccessTest" name="logoutSuccessfully" time="0.0">
    <ignored/>
  </testcase> <!-- logoutSuccessfully -->
</testsuite>
