<?xml version="1.0" encoding="UTF-8"?>
<!-- Generated by org.testng.reporters.JUnitXMLReporter -->
<testsuite ignored="0" hostname="Athul_Sebastian" failures="0" tests="4" name="cartTests" time="72.123" errors="0" timestamp="2025-07-14T19:02:21 IST">
  <testcase classname="org.ats.ecom_testing.tests.AddRecommendedProducts" name="addRecommendedProducts" time="10.119"/>
  <testcase classname="org.ats.ecom_testing.tests.ProductQuantityInCartTest" name="productQuantityTest" time="14.553"/>
  <testcase classname="org.ats.ecom_testing.tests.AddProductsToCartTest" name="addProductsToCartTest" time="18.966"/>
  <testcase classname="org.ats.ecom_testing.tests.VerifyCartAfterLoginTest" name="verifyCartAfterLogin" time="60.753"/>
</testsuite> <!-- cartTests -->
