<?xml version="1.0" encoding="UTF-8"?>
<!-- Generated by org.testng.reporters.JUnitXMLReporter -->
<testsuite ignored="0" hostname="Athul_Sebastian" failures="0" tests="4" name="cartTests" time="62.688" errors="0" timestamp="2025-07-15T13:02:43 IST">
  <testcase classname="org.ats.ecom_testing.tests.AddRecommendedProducts" name="addRecommendedProducts" time="22.028"/>
  <testcase classname="org.ats.ecom_testing.tests.ProductQuantityInCartTest" name="productQuantityTest" time="22.449"/>
  <testcase classname="org.ats.ecom_testing.tests.AddProductsToCartTest" name="addProductsToCartTest" time="32.43"/>
  <testcase classname="org.ats.ecom_testing.tests.VerifyCartAfterLoginTest" name="verifyCartAfterLogin" time="50.223"/>
</testsuite> <!-- cartTests -->
