<?xml version="1.0" encoding="UTF-8"?>
<!-- Generated by org.testng.reporters.JUnitXMLReporter -->
<testsuite ignored="0" hostname="Athul_Sebastian" failures="0" tests="3" name="checkout" time="184.645" errors="0" timestamp="2025-07-15T12:59:53 IST">
  <testcase classname="org.ats.ecom_testing.tests.LoginAndCheckout" name="loginAndCheckoutTest" time="64.929"/>
  <testcase classname="org.ats.ecom_testing.tests.PlaceOrderAndRegisterTest" name="placeOrderAndRegisterTest" time="49.157"/>
  <testcase classname="org.ats.ecom_testing.tests.RegisterAndCheckoutTest" name="registerThenPlaceOrderTest" time="51.241"/>
</testsuite> <!-- checkout -->
