<?xml version="1.0" encoding="UTF-8"?>
<!-- Generated by org.testng.reporters.JUnitXMLReporter -->
<testsuite ignored="0" hostname="Athul_Sebastian" failures="0" tests="3" name="checkout" time="139.025" errors="0" timestamp="2025-07-13T20:01:21 IST">
  <testcase classname="org.ats.ecom_testing.tests.LoginAndCheckout" name="loginAndCheckoutTest" time="42.634"/>
  <testcase classname="org.ats.ecom_testing.tests.PlaceOrderAndRegisterTest" name="placeOrderAndRegisterTest" time="29.58"/>
  <testcase classname="org.ats.ecom_testing.tests.RegisterAndCheckoutTest" name="registerThenPlaceOrderTest" time="49.568"/>
</testsuite> <!-- checkout -->
