<?xml version="1.0" encoding="UTF-8"?>
<!-- Generated by org.testng.reporters.JUnitXMLReporter -->
<testsuite ignored="2" hostname="Athul_Sebastian" failures="0" tests="5" name="non_critical" time="51.501" errors="0" timestamp="2025-07-14T18:38:41 IST">
  <testcase classname="org.ats.ecom_testing.tests.SubscriptionTest" name="subscriptionTest" time="9.863"/>
  <testcase classname="org.ats.ecom_testing.tests.SubscriptionTestInCart" name="subscriptionTest" time="6.134"/>
  <testcase classname="org.ats.ecom_testing.tests.ScrollArrowButtonTest" name="scrollArrowTest" time="14.821"/>
  <testcase classname="org.ats.ecom_testing.tests.VerifyProductCategoriesTest" name="verifyProductCategoriesTest" time="21.812"/>
  <testcase classname="org.ats.ecom_testing.tests.ContactFormTest" name="contactFormTest" time="42.117"/>
  <testcase classname="org.ats.ecom_testing.tests.ManualScrollingTest" name="manualScrollTest" time="0.0">
    <ignored/>
  </testcase> <!-- manualScrollTest -->
  <testcase classname="org.ats.ecom_testing.tests.ProductBrandTest" name="productBrandTest" time="0.0">
    <ignored/>
  </testcase> <!-- productBrandTest -->
</testsuite> <!-- non_critical -->
