<?xml version="1.0" encoding="UTF-8"?>
<!-- Generated by org.testng.reporters.JUnitXMLReporter -->
<testsuite ignored="0" hostname="Athul_Sebastian" failures="0" tests="5" name="productTests" time="43.296" errors="0" timestamp="2025-07-14T18:39:44 IST">
  <testcase classname="org.ats.ecom_testing.tests.SearchProductsTest" name="searchProductsTest" time="20.038"/>
  <testcase classname="org.ats.ecom_testing.tests.VerifyProductCategoriesTest" name="verifyProductCategoriesTest" time="27.208"/>
  <testcase classname="org.ats.ecom_testing.tests.AllProductsTest" name="allProductsTest" time="27.307"/>
  <testcase classname="org.ats.ecom_testing.tests.AddReviewTest" name="addReviewTest" time="29.561"/>
  <testcase classname="org.ats.ecom_testing.tests.ProductBrandTest" name="productBrandTest" time="31.444"/>
</testsuite> <!-- productTests -->
