<?xml version="1.0" encoding="UTF-8"?>
<!-- Generated by org.testng.reporters.JUnitXMLReporter -->
<testsuite ignored="0" hostname="Athul_Sebastian" failures="0" tests="5" name="productTests" time="78.828" errors="0" timestamp="2025-07-15T13:05:17 IST">
  <testcase classname="org.ats.ecom_testing.tests.AllProductsTest" name="allProductsTest" time="41.237"/>
  <testcase classname="org.ats.ecom_testing.tests.AddReviewTest" name="addReviewTest" time="46.636"/>
  <testcase classname="org.ats.ecom_testing.tests.VerifyProductCategoriesTest" name="verifyProductCategoriesTest" time="56.748"/>
  <testcase classname="org.ats.ecom_testing.tests.SearchProductsTest" name="searchProductsTest" time="56.635"/>
  <testcase classname="org.ats.ecom_testing.tests.ProductBrandTest" name="productBrandTest" time="64.915"/>
</testsuite> <!-- productTests -->
