<?xml version="1.0" encoding="UTF-8"?>
<!-- Generated by org.testng.reporters.JUnitXMLReporter -->
<testsuite ignored="0" hostname="Athul_Sebastian" failures="0" tests="10" name="SmokeTests" time="122.992" errors="0" timestamp="2025-07-15T13:23:06 IST">
  <testcase classname="org.ats.ecom_testing.tests.LoginWithIncorrectCreds" name="loginWithIncorrectCredentials" time="28.721"/>
  <testcase classname="org.ats.ecom_testing.tests.AllProductsTest" name="allProductsTest" time="29.47"/>
  <testcase classname="org.ats.ecom_testing.tests.AddProductsToCartTest" name="addProductsToCartTest" time="49.24"/>
  <testcase classname="org.ats.ecom_testing.tests.LoginWithCorrectCreds" name="loginWithCorrectCredentials" time="46.474"/>
  <testcase classname="org.ats.ecom_testing.tests.ProductQuantityInCartTest" name="productQuantityTest" time="17.686"/>
  <testcase classname="org.ats.ecom_testing.tests.RegisterUserTest" name="registerNewUserTest" time="58.831"/>
  <testcase classname="org.ats.ecom_testing.tests.LogoutSuccessTest" name="logoutSuccessfully" time="17.425"/>
  <testcase classname="org.ats.ecom_testing.tests.SearchProductsTest" name="searchProductsTest" time="17.507"/>
  <testcase classname="org.ats.ecom_testing.tests.LoginAndCheckout" name="loginAndCheckoutTest" time="54.994"/>
  <testcase classname="org.ats.ecom_testing.tests.RegisterAndCheckoutTest" name="registerThenPlaceOrderTest" time="49.084"/>
</testsuite> <!-- SmokeTests -->
