<?xml version="1.0" encoding="UTF-8"?>
<!-- Generated by org.testng.reporters.JUnitXMLReporter -->
<testsuite ignored="0" hostname="Athul_Sebastian" failures="0" tests="10" name="SmokeTests" time="74.708" errors="0" timestamp="2025-07-15T12:16:50 IST">
  <testcase classname="org.ats.ecom_testing.tests.LoginWithCorrectCreds" name="loginWithCorrectCredentials" time="13.902"/>
  <testcase classname="org.ats.ecom_testing.tests.LoginWithIncorrectCreds" name="loginWithIncorrectCredentials" time="9.217"/>
  <testcase classname="org.ats.ecom_testing.tests.AllProductsTest" name="allProductsTest" time="11.095"/>
  <testcase classname="org.ats.ecom_testing.tests.AddProductsToCartTest" name="addProductsToCartTest" time="24.679"/>
  <testcase classname="org.ats.ecom_testing.tests.ProductQuantityInCartTest" name="productQuantityTest" time="10.978"/>
  <testcase classname="org.ats.ecom_testing.tests.RegisterUserTest" name="registerNewUserTest" time="37.641"/>
  <testcase classname="org.ats.ecom_testing.tests.SearchProductsTest" name="searchProductsTest" time="7.336"/>
  <testcase classname="org.ats.ecom_testing.tests.LogoutSuccessTest" name="logoutSuccessfully" time="10.091"/>
  <testcase classname="org.ats.ecom_testing.tests.LoginAndCheckout" name="loginAndCheckoutTest" time="30.435"/>
  <testcase classname="org.ats.ecom_testing.tests.RegisterAndCheckoutTest" name="registerThenPlaceOrderTest" time="40.461"/>
</testsuite> <!-- SmokeTests -->
