<?xml version="1.0" encoding="UTF-8"?>
<testng-results ignored="0" total="1" passed="1" failed="0" skipped="0">
  <reporter-output>
  </reporter-output>
  <suite started-at="2025-07-14T14:45:11 IST" name="Default suite" finished-at="2025-07-14T14:45:37 IST" duration-ms="25828">
    <groups>
      <group name="product">
        <method signature="AllProductsTest.allProductsTest()[pri:0, instance:org.ats.ecom_testing.tests.AllProductsTest@7fc645e4]" name="allProductsTest" class="org.ats.ecom_testing.tests.AllProductsTest"/>
      </group> <!-- product -->
      <group name="smoke">
        <method signature="AllProductsTest.allProductsTest()[pri:0, instance:org.ats.ecom_testing.tests.AllProductsTest@7fc645e4]" name="allProductsTest" class="org.ats.ecom_testing.tests.AllProductsTest"/>
      </group> <!-- smoke -->
    </groups>
    <test started-at="2025-07-14T14:45:11 IST" name="Default test" finished-at="2025-07-14T14:45:37 IST" duration-ms="25828">
      <class name="org.ats.ecom_testing.tests.AllProductsTest">
        <test-method is-config="true" signature="setUp(java.lang.String)[pri:0, instance:org.ats.ecom_testing.tests.AllProductsTest@7fc645e4]" started-at="2025-07-14T14:45:11 IST" name="setUp" finished-at="2025-07-14T14:45:19 IST" duration-ms="7875" status="PASS">
          <params>
            <param index="0">
              <value>
                <![CDATA[chrome]]>
              </value>
            </param>
          </params>
          <reporter-output>
          </reporter-output>
        </test-method> <!-- setUp -->
        <test-method signature="allProductsTest()[pri:0, instance:org.ats.ecom_testing.tests.AllProductsTest@7fc645e4]" started-at="2025-07-14T14:45:19 IST" name="allProductsTest" finished-at="2025-07-14T14:45:36 IST" duration-ms="17163" status="PASS">
          <reporter-output>
          </reporter-output>
        </test-method> <!-- allProductsTest -->
        <test-method is-config="true" signature="tearDown()[pri:0, instance:org.ats.ecom_testing.tests.AllProductsTest@7fc645e4]" started-at="2025-07-14T14:45:36 IST" name="tearDown" finished-at="2025-07-14T14:45:37 IST" duration-ms="364" status="PASS">
          <reporter-output>
          </reporter-output>
        </test-method> <!-- tearDown -->
      </class> <!-- org.ats.ecom_testing.tests.AllProductsTest -->
    </test> <!-- Default test -->
  </suite> <!-- Default suite -->
</testng-results>
